app/build/outputs/logs/manifest-merger-debug-report.txt
-- Merging decision tree log ---
manifest
ADDED from src/main/AndroidManifest.xml:2:1-132:12
	package
		ADDED from src/main/AndroidManifest.xml:3:5-44
		INJECTED from src/main/AndroidManifest.xml
		INJECTED from src/main/AndroidManifest.xml
	android:versionName
		ADDED from src/main/AndroidManifest.xml:5:5-32
		INJECTED from src/main/AndroidManifest.xml
		INJECTED from src/main/AndroidManifest.xml
	android:versionCode
		ADDED from src/main/AndroidManifest.xml:4:5-28
		INJECTED from src/main/AndroidManifest.xml
		INJECTED from src/main/AndroidManifest.xml
	xmlns:android
		ADDED from src/main/AndroidManifest.xml:2:11-69
uses-sdk
ADDED from src/main/AndroidManifest.xml:8:5-11:41
MERGED from [com.google.android.gms:play-services-appindexing:8.1.0] AndroidManifest.xml:18:5-42
MERGED from [com.google.android.gms:play-services-basement:8.1.0] AndroidManifest.xml:18:5-42
MERGED from [com.android.support:support-v4:22.2.0] AndroidManifest.xml:20:5-43
	android:maxSdkVersion
		ADDED from src/main/AndroidManifest.xml:10:9-35
	android:targetSdkVersion
		ADDED from src/main/AndroidManifest.xml:11:9-38
		INJECTED from src/main/AndroidManifest.xml
		INJECTED from src/main/AndroidManifest.xml
	android:minSdkVersion
		ADDED from src/main/AndroidManifest.xml:9:9-35
		INJECTED from src/main/AndroidManifest.xml
		INJECTED from src/main/AndroidManifest.xml
uses-permission#android.permission.WRITE_EXTERNAL_STORAGE
ADDED from src/main/AndroidManifest.xml:13:3-78
	android:name
		ADDED from src/main/AndroidManifest.xml:13:20-76
uses-permission#android.permission.INTERNET
ADDED from src/main/AndroidManifest.xml:14:2-63
	android:name
		ADDED from src/main/AndroidManifest.xml:14:19-61
application
ADDED from src/main/AndroidManifest.xml:19:5-130:19
MERGED from [com.google.android.gms:play-services-appindexing:8.1.0] AndroidManifest.xml:19:5-20
MERGED from [com.google.android.gms:play-services-basement:8.1.0] AndroidManifest.xml:20:5-24:19
MERGED from [com.android.support:support-v4:22.2.0] AndroidManifest.xml:22:5-20
	android:label
		ADDED from src/main/AndroidManifest.xml:23:9-41
	android:allowBackup
		ADDED from src/main/AndroidManifest.xml:21:9-35
	android:icon
		ADDED from src/main/AndroidManifest.xml:22:9-45
	android:theme
		ADDED from src/main/AndroidManifest.xml:20:9-56
activity#jp.co.kaiwaredaikon320.syushi.MainActivity
ADDED from src/main/AndroidManifest.xml:28:9-40:20
	android:screenOrientation
		ADDED from src/main/AndroidManifest.xml:32:10-46
	android:label
		ADDED from src/main/AndroidManifest.xml:31:13-45
	android:configChanges
		ADDED from src/main/AndroidManifest.xml:33:10-60
	android:theme
		ADDED from src/main/AndroidManifest.xml:29:10-57
	android:name
		ADDED from src/main/AndroidManifest.xml:30:13-41
intent-filter#android.intent.action.MAIN+android.intent.category.LAUNCHER
ADDED from src/main/AndroidManifest.xml:35:13-38:29
action#android.intent.action.MAIN
ADDED from src/main/AndroidManifest.xml:36:17-69
	android:name
		ADDED from src/main/AndroidManifest.xml:36:25-66
category#android.intent.category.LAUNCHER
ADDED from src/main/AndroidManifest.xml:37:17-77
	android:name
		ADDED from src/main/AndroidManifest.xml:37:27-74
activity#jp.co.kaiwaredaikon320.syushi.ListViewActivity
ADDED from src/main/AndroidManifest.xml:43:9-49:20
	android:screenOrientation
		ADDED from src/main/AndroidManifest.xml:47:10-46
	android:label
		ADDED from src/main/AndroidManifest.xml:46:13-31
	android:configChanges
		ADDED from src/main/AndroidManifest.xml:48:10-60
	android:theme
		ADDED from src/main/AndroidManifest.xml:44:13-60
	android:name
		ADDED from src/main/AndroidManifest.xml:45:13-45
activity#jp.co.kaiwaredaikon320.syushi.AddListActivity
ADDED from src/main/AndroidManifest.xml:53:9-60:20
	android:screenOrientation
		ADDED from src/main/AndroidManifest.xml:57:10-46
	android:windowSoftInputMode
		ADDED from src/main/AndroidManifest.xml:56:13-60
	android:configChanges
		ADDED from src/main/AndroidManifest.xml:58:10-60
	android:theme
		ADDED from src/main/AndroidManifest.xml:54:10-57
	android:name
		ADDED from src/main/AndroidManifest.xml:55:13-44
activity#jp.co.kaiwaredaikon320.syushi.DataPreferenceActivity
ADDED from src/main/AndroidManifest.xml:76:9-83:20
	android:screenOrientation
		ADDED from src/main/AndroidManifest.xml:80:10-46
	android:label
		ADDED from src/main/AndroidManifest.xml:79:13-34
	android:configChanges
		ADDED from src/main/AndroidManifest.xml:81:10-60
	android:theme
		ADDED from src/main/AndroidManifest.xml:77:10-44
	android:name
		ADDED from src/main/AndroidManifest.xml:78:4-42
activity#jp.co.kaiwaredaikon320.syushi.DrawDataActivity
ADDED from src/main/AndroidManifest.xml:85:9-92:20
	android:screenOrientation
		ADDED from src/main/AndroidManifest.xml:89:10-46
	android:label
		ADDED from src/main/AndroidManifest.xml:88:13-34
	android:configChanges
		ADDED from src/main/AndroidManifest.xml:90:10-60
	android:theme
		ADDED from src/main/AndroidManifest.xml:86:13-60
	android:name
		ADDED from src/main/AndroidManifest.xml:87:13-45
activity#jp.co.kaiwaredaikon320.syushi.DrawDataDetailedActivity
ADDED from src/main/AndroidManifest.xml:95:9-101:20
	android:screenOrientation
		ADDED from src/main/AndroidManifest.xml:99:10-46
	android:label
		ADDED from src/main/AndroidManifest.xml:98:13-36
	android:configChanges
		ADDED from src/main/AndroidManifest.xml:100:10-60
	android:theme
		ADDED from src/main/AndroidManifest.xml:96:13-60
	android:name
		ADDED from src/main/AndroidManifest.xml:97:13-53
activity#jp.co.kaiwaredaikon320.syushi.MyPreferenceActivity
ADDED from src/main/AndroidManifest.xml:105:9-112:20
	android:screenOrientation
		ADDED from src/main/AndroidManifest.xml:109:10-46
	android:label
		ADDED from src/main/AndroidManifest.xml:108:13-34
	android:configChanges
		ADDED from src/main/AndroidManifest.xml:110:10-60
	android:theme
		ADDED from src/main/AndroidManifest.xml:106:10-44
	android:name
		ADDED from src/main/AndroidManifest.xml:107:4-40
activity#jp.co.kaiwaredaikon320.syushi.WebviewActivity
ADDED from src/main/AndroidManifest.xml:115:9-123:20
	android:screenOrientation
		ADDED from src/main/AndroidManifest.xml:120:10-46
	android:label
		ADDED from src/main/AndroidManifest.xml:118:13-32
	android:launchMode
		ADDED from src/main/AndroidManifest.xml:119:13-43
	android:configChanges
		ADDED from src/main/AndroidManifest.xml:121:10-60
	android:theme
		ADDED from src/main/AndroidManifest.xml:116:10-44
	android:name
		ADDED from src/main/AndroidManifest.xml:117:4-35
meta-data#com.google.android.gms.version
ADDED from src/main/AndroidManifest.xml:125:9-127:68
MERGED from [com.google.android.gms:play-services-basement:8.1.0] AndroidManifest.xml:21:9-23:69
	android:value
		ADDED from src/main/AndroidManifest.xml:127:13-66
	android:name
		ADDED from src/main/AndroidManifest.xml:126:13-58